<?xml version="1.0" encoding="UTF-8"?>
<!-- Generated by org.testng.reporters.JUnitReportReporter -->
<testsuite hostname="DESKTOP-AQJ7M6E" failures="0" tests="1" name="com.graphql.tests.GraphQLQueryTest" time="7.237" errors="0" timestamp="2022-10-14T00:15:20 IST" skipped="0">
  <testcase classname="com.graphql.tests.GraphQLQueryTest" name="getAllUsers_WithPojoTest" time="7.237"/>
  <system-out/>
</testsuite> <!-- com.graphql.tests.GraphQLQueryTest -->
