<?xml version="1.0" encoding="UTF-8"?>
<!-- Generated by org.testng.reporters.JUnitReportReporter -->
<testsuite hostname="DESKTOP-AQJ7M6E" failures="0" tests="1" name="com.graphql.tests.GraphQLQueryTest" time="5.095" errors="0" timestamp="2022-10-08T16:35:34 IST" skipped="0">
  <testcase classname="com.graphql.tests.GraphQLQueryTest" name="getAllFilmsTest" time="5.095"/>
  <system-out/>
</testsuite> <!-- com.graphql.tests.GraphQLQueryTest -->
